2015.04.17 10:50:38 CST ERROR edu.shu.auto.util.FilterUtil 213 parseXML - 1 字节的 UTF-8 序列的字节 1 无效。 Nested exception: 1 字节的 UTF-8 序列的字节 1 无效。
2015.04.17 10:51:44 CST ERROR edu.shu.auto.util.FilterUtil 213 parseXML - 2 字节的 UTF-8 序列的字节 2 无效。 Nested exception: 2 字节的 UTF-8 序列的字节 2 无效。
2015.04.17 10:53:02 CST ERROR edu.shu.auto.util.FilterUtil 213 parseXML - 2 字节的 UTF-8 序列的字节 2 无效。 Nested exception: 2 字节的 UTF-8 序列的字节 2 无效。
2015.04.17 10:54:33 CST ERROR edu.shu.auto.util.FilterUtil 213 parseXML - 2 字节的 UTF-8 序列的字节 2 无效。 Nested exception: 2 字节的 UTF-8 序列的字节 2 无效。
2015.04.17 10:56:45 CST ERROR edu.shu.auto.util.FilterUtil 213 parseXML - 2 字节的 UTF-8 序列的字节 2 无效。 Nested exception: 2 字节的 UTF-8 序列的字节 2 无效。
2015.04.17 15:20:05 CST ERROR edu.shu.auto.ltp.cloud.LTPAction 115 getXML - ltpapi.voicecloud.cn
2015.04.17 15:20:05 CST ERROR edu.shu.auto.util.EventFactory 54 readXML - null
2015.04.17 15:22:15 CST ERROR edu.shu.auto.util.FilterUtil 212 parseXML - 2 字节的 UTF-8 序列的字节 2 无效。 Nested exception: 2 字节的 UTF-8 序列的字节 2 无效。
2015.04.17 15:22:24 CST ERROR edu.shu.auto.util.FilterUtil 212 parseXML - 2 字节的 UTF-8 序列的字节 2 无效。 Nested exception: 2 字节的 UTF-8 序列的字节 2 无效。
2015.04.17 15:25:13 CST ERROR edu.shu.auto.util.FilterUtil 212 parseXML - 2 字节的 UTF-8 序列的字节 2 无效。 Nested exception: 2 字节的 UTF-8 序列的字节 2 无效。
2015.04.17 15:28:22 CST ERROR edu.shu.auto.util.FilterUtil 212 parseXML - 2 字节的 UTF-8 序列的字节 2 无效。 Nested exception: 2 字节的 UTF-8 序列的字节 2 无效。
2015.04.17 15:39:00 CST ERROR edu.shu.auto.util.FilterUtil 212 parseXML - 2 字节的 UTF-8 序列的字节 2 无效。 Nested exception: 2 字节的 UTF-8 序列的字节 2 无效。
2015.04.17 15:43:15 CST ERROR edu.shu.auto.util.FilterUtil 212 parseXML - 2 字节的 UTF-8 序列的字节 2 无效。 Nested exception: 2 字节的 UTF-8 序列的字节 2 无效。
2015.04.17 15:45:04 CST ERROR edu.shu.auto.util.FilterUtil 212 parseXML - 2 字节的 UTF-8 序列的字节 2 无效。 Nested exception: 2 字节的 UTF-8 序列的字节 2 无效。
2015.04.17 15:50:32 CST ERROR edu.shu.auto.util.FilterUtil 212 parseXML - 2 字节的 UTF-8 序列的字节 2 无效。 Nested exception: 2 字节的 UTF-8 序列的字节 2 无效。
2015.04.17 15:55:34 CST ERROR edu.shu.auto.util.FilterUtil 212 parseXML - 2 字节的 UTF-8 序列的字节 2 无效。 Nested exception: 2 字节的 UTF-8 序列的字节 2 无效。
2015.04.17 15:58:26 CST ERROR edu.shu.auto.util.FilterUtil 212 parseXML - 2 字节的 UTF-8 序列的字节 2 无效。 Nested exception: 2 字节的 UTF-8 序列的字节 2 无效。
2015.04.23 12:58:42 CST ERROR edu.shu.auto.preprocess.PreProcess 78 getTreeSet - E:\workspaces\eclipse4.4_64\AutoAnnotation\bin (拒绝访问。)
2015.04.23 12:58:52 CST ERROR edu.shu.auto.ltp.cloud.LTPAction 128 getXML - E:\workspaces\eclipse4.4_64\AutoAnnotation\bin (拒绝访问。)
2015.04.23 12:58:52 CST ERROR edu.shu.auto.util.EventFactory 51 readXML - 前言中不允许有内容。
2015.04.24 10:28:49 CST ERROR edu.shu.auto.ltp.cloud.LTPAction 128 getXML - Server returned HTTP response code: 504 for URL: http://ltpapi.voicecloud.cn/analysis/?api_key=a1285755TXgOPJLxdCDEmSqSNf3nDLVNtmuyFkaJ&text=%E4%B8%AD%E6%96%B0%E7%A4%BE%E6%98%86%E6%98%8E%E6%9C%88%E4%B8%89%E5%8D%81%E6%97%A5%E7%94%B5%E5%85%AB%28%E8%AE%B0%E8%80%85%E7%94%98%E5%A8%9C%E5%88%98%E5%AD%90%E5%80%A9%29%E5%85%AB%E6%9C%88%E4%B8%89%E5%8D%81%E6%97%A5%E5%8D%81%E5%85%AD%E6%97%B6%E4%B8%89%E5%8D%81%E5%88%86%EF%BC%8C%E5%9B%9B%E5%B7%9D%E7%9C%81%E6%94%80%E6%9E%9D%E8%8A%B1%E5%B8%82%E4%BB%81%E5%92%8C%E5%8C%BA%E4%B8%8E%E5%9B%9B%E5%B7%9D%E7%9C%81%E5%87%89%E5%B1%B1%E5%BD%9D%E6%97%8F%E8%87%AA%E6%B2%BB%E5%B7%9E%E4%BC%9A%E7%90%86%E5%8E%BF%E4%BA%A4%E7%95%8C%E5%A4%84%E5%8F%91%E7%94%9F%E5%85%AD%E7%82%B9%E4%B8%80%E7%BA%A7%E5%9C%B0%E9%9C%87%EF%BC%8C%E4%BA%91%E5%8D%97%E7%9C%81%E7%9A%84%E6%A5%9A%E9%9B%84%E3%80%81%E6%98%86%E6%98%8E%E3%80%81%E4%B8%BD%E6%B1%9F%E3%80%81%E5%A4%A7%E7%90%86%E7%AD%89%E5%A4%9A%E4%B8%AA%E5%9C%B0%E5%8C%BA%E6%9C%89%E5%BC%BA%E7%83%88%E9%9C%87%E6%84%9F%EF%BC%8C%E7%9B%AE%E5%89%8D%E6%9A%82%E6%97%A0%E4%BA%BA%E5%91%98%E4%BC%A4%E4%BA%A1%E6%8A%A5%E5%91%8A%E3%80%82&format=xml&pattern=all
2015.04.24 10:28:49 CST ERROR edu.shu.auto.util.EventFactory 54 readXML - null
2015.04.24 10:35:32 CST ERROR edu.shu.auto.ltp.cloud.LTPAction 128 getXML - Server returned HTTP response code: 500 for URL: http://api.ltp-cloud.com/analysis/?api_key=a1285755TXgOPJLxdCDEmSqSNf3nDLVNtmuyFkaJ&text=%E4%B8%AD%E6%96%B0%E7%A4%BE%E6%98%86%E6%98%8E%E6%9C%88%E4%B8%89%E5%8D%81%E6%97%A5%E7%94%B5%E5%85%AB%28%E8%AE%B0%E8%80%85%E7%94%98%E5%A8%9C%E5%88%98%E5%AD%90%E5%80%A9%29%E5%85%AB%E6%9C%88%E4%B8%89%E5%8D%81%E6%97%A5%E5%8D%81%E5%85%AD%E6%97%B6%E4%B8%89%E5%8D%81%E5%88%86%EF%BC%8C%E5%9B%9B%E5%B7%9D%E7%9C%81%E6%94%80%E6%9E%9D%E8%8A%B1%E5%B8%82%E4%BB%81%E5%92%8C%E5%8C%BA%E4%B8%8E%E5%9B%9B%E5%B7%9D%E7%9C%81%E5%87%89%E5%B1%B1%E5%BD%9D%E6%97%8F%E8%87%AA%E6%B2%BB%E5%B7%9E%E4%BC%9A%E7%90%86%E5%8E%BF%E4%BA%A4%E7%95%8C%E5%A4%84%E5%8F%91%E7%94%9F%E5%85%AD%E7%82%B9%E4%B8%80%E7%BA%A7%E5%9C%B0%E9%9C%87%EF%BC%8C%E4%BA%91%E5%8D%97%E7%9C%81%E7%9A%84%E6%A5%9A%E9%9B%84%E3%80%81%E6%98%86%E6%98%8E%E3%80%81%E4%B8%BD%E6%B1%9F%E3%80%81%E5%A4%A7%E7%90%86%E7%AD%89%E5%A4%9A%E4%B8%AA%E5%9C%B0%E5%8C%BA%E6%9C%89%E5%BC%BA%E7%83%88%E9%9C%87%E6%84%9F%EF%BC%8C%E7%9B%AE%E5%89%8D%E6%9A%82%E6%97%A0%E4%BA%BA%E5%91%98%E4%BC%A4%E4%BA%A1%E6%8A%A5%E5%91%8A%E3%80%82&format=xml&pattern=all
2015.04.24 10:35:32 CST ERROR edu.shu.auto.util.EventFactory 54 readXML - null
2015.04.24 10:38:00 CST ERROR edu.shu.auto.ltp.cloud.LTPAction 128 getXML - Server returned HTTP response code: 500 for URL: http://api.ltp-cloud.com/analysis/?api_key=a1285755TXgOPJLxdCDEmSqSNf3nDLVNtmuyFkaJ&text=%E4%B8%AD%E6%96%B0%E7%A4%BE%E6%98%86%E6%98%8E%E6%9C%88%E4%B8%89%E5%8D%81%E6%97%A5%E7%94%B5%E5%85%AB%28%E8%AE%B0%E8%80%85%E7%94%98%E5%A8%9C%E5%88%98%E5%AD%90%E5%80%A9%29%E5%85%AB%E6%9C%88%E4%B8%89%E5%8D%81%E6%97%A5%E5%8D%81%E5%85%AD%E6%97%B6%E4%B8%89%E5%8D%81%E5%88%86%EF%BC%8C%E5%9B%9B%E5%B7%9D%E7%9C%81%E6%94%80%E6%9E%9D%E8%8A%B1%E5%B8%82%E4%BB%81%E5%92%8C%E5%8C%BA%E4%B8%8E%E5%9B%9B%E5%B7%9D%E7%9C%81%E5%87%89%E5%B1%B1%E5%BD%9D%E6%97%8F%E8%87%AA%E6%B2%BB%E5%B7%9E%E4%BC%9A%E7%90%86%E5%8E%BF%E4%BA%A4%E7%95%8C%E5%A4%84%E5%8F%91%E7%94%9F%E5%85%AD%E7%82%B9%E4%B8%80%E7%BA%A7%E5%9C%B0%E9%9C%87%EF%BC%8C%E4%BA%91%E5%8D%97%E7%9C%81%E7%9A%84%E6%A5%9A%E9%9B%84%E3%80%81%E6%98%86%E6%98%8E%E3%80%81%E4%B8%BD%E6%B1%9F%E3%80%81%E5%A4%A7%E7%90%86%E7%AD%89%E5%A4%9A%E4%B8%AA%E5%9C%B0%E5%8C%BA%E6%9C%89%E5%BC%BA%E7%83%88%E9%9C%87%E6%84%9F%EF%BC%8C%E7%9B%AE%E5%89%8D%E6%9A%82%E6%97%A0%E4%BA%BA%E5%91%98%E4%BC%A4%E4%BA%A1%E6%8A%A5%E5%91%8A%E3%80%82&format=xml&pattern=all
2015.04.24 10:38:01 CST ERROR edu.shu.auto.util.EventFactory 54 readXML - null
2015.04.24 10:39:48 CST ERROR edu.shu.auto.ltp.cloud.LTPAction 128 getXML - Server returned HTTP response code: 504 for URL: http://ltpapi.voicecloud.cn/analysis/?api_key=a1285755TXgOPJLxdCDEmSqSNf3nDLVNtmuyFkaJ&text=%E4%B8%AD%E6%96%B0%E7%A4%BE%E6%98%86%E6%98%8E%E6%9C%88%E4%B8%89%E5%8D%81%E6%97%A5%E7%94%B5%E5%85%AB%28%E8%AE%B0%E8%80%85%E7%94%98%E5%A8%9C%E5%88%98%E5%AD%90%E5%80%A9%29%E5%85%AB%E6%9C%88%E4%B8%89%E5%8D%81%E6%97%A5%E5%8D%81%E5%85%AD%E6%97%B6%E4%B8%89%E5%8D%81%E5%88%86%EF%BC%8C%E5%9B%9B%E5%B7%9D%E7%9C%81%E6%94%80%E6%9E%9D%E8%8A%B1%E5%B8%82%E4%BB%81%E5%92%8C%E5%8C%BA%E4%B8%8E%E5%9B%9B%E5%B7%9D%E7%9C%81%E5%87%89%E5%B1%B1%E5%BD%9D%E6%97%8F%E8%87%AA%E6%B2%BB%E5%B7%9E%E4%BC%9A%E7%90%86%E5%8E%BF%E4%BA%A4%E7%95%8C%E5%A4%84%E5%8F%91%E7%94%9F%E5%85%AD%E7%82%B9%E4%B8%80%E7%BA%A7%E5%9C%B0%E9%9C%87%EF%BC%8C%E4%BA%91%E5%8D%97%E7%9C%81%E7%9A%84%E6%A5%9A%E9%9B%84%E3%80%81%E6%98%86%E6%98%8E%E3%80%81%E4%B8%BD%E6%B1%9F%E3%80%81%E5%A4%A7%E7%90%86%E7%AD%89%E5%A4%9A%E4%B8%AA%E5%9C%B0%E5%8C%BA%E6%9C%89%E5%BC%BA%E7%83%88%E9%9C%87%E6%84%9F%EF%BC%8C%E7%9B%AE%E5%89%8D%E6%9A%82%E6%97%A0%E4%BA%BA%E5%91%98%E4%BC%A4%E4%BA%A1%E6%8A%A5%E5%91%8A%E3%80%82&format=xml&pattern=all
2015.04.24 10:39:48 CST ERROR edu.shu.auto.util.EventFactory 54 readXML - null
2015.04.24 11:51:25 CST ERROR edu.shu.auto.ltp.cloud.LTPAction 128 getXML - Server returned HTTP response code: 504 for URL: http://ltpapi.voicecloud.cn/analysis/?api_key=a1285755TXgOPJLxdCDEmSqSNf3nDLVNtmuyFkaJ&text=%E4%B8%AD%E6%96%B0%E7%A4%BE%E6%98%86%E6%98%8E%E6%9C%88%E4%B8%89%E5%8D%81%E6%97%A5%E7%94%B5%E5%85%AB%28%E8%AE%B0%E8%80%85%E7%94%98%E5%A8%9C%E5%88%98%E5%AD%90%E5%80%A9%29%E5%85%AB%E6%9C%88%E4%B8%89%E5%8D%81%E6%97%A5%E5%8D%81%E5%85%AD%E6%97%B6%E4%B8%89%E5%8D%81%E5%88%86%EF%BC%8C%E5%9B%9B%E5%B7%9D%E7%9C%81%E6%94%80%E6%9E%9D%E8%8A%B1%E5%B8%82%E4%BB%81%E5%92%8C%E5%8C%BA%E4%B8%8E%E5%9B%9B%E5%B7%9D%E7%9C%81%E5%87%89%E5%B1%B1%E5%BD%9D%E6%97%8F%E8%87%AA%E6%B2%BB%E5%B7%9E%E4%BC%9A%E7%90%86%E5%8E%BF%E4%BA%A4%E7%95%8C%E5%A4%84%E5%8F%91%E7%94%9F%E5%85%AD%E7%82%B9%E4%B8%80%E7%BA%A7%E5%9C%B0%E9%9C%87%EF%BC%8C%E4%BA%91%E5%8D%97%E7%9C%81%E7%9A%84%E6%A5%9A%E9%9B%84%E3%80%81%E6%98%86%E6%98%8E%E3%80%81%E4%B8%BD%E6%B1%9F%E3%80%81%E5%A4%A7%E7%90%86%E7%AD%89%E5%A4%9A%E4%B8%AA%E5%9C%B0%E5%8C%BA%E6%9C%89%E5%BC%BA%E7%83%88%E9%9C%87%E6%84%9F%EF%BC%8C%E7%9B%AE%E5%89%8D%E6%9A%82%E6%97%A0%E4%BA%BA%E5%91%98%E4%BC%A4%E4%BA%A1%E6%8A%A5%E5%91%8A%E3%80%82&format=xml&pattern=all
2015.04.24 11:51:25 CST ERROR edu.shu.auto.util.EventFactory 54 readXML - null
